<?xml version="1.0" encoding="UTF-8"?>
<testsuite xmlns:xsi="http://www.w3.org/2001/XMLSchema-instance" xsi:noNamespaceSchemaLocation="https://maven.apache.org/surefire/maven-surefire-plugin/xsd/surefire-test-report-3.0.xsd" version="3.0" name="com.stalin.demo.DemoWorkshopApplicationTests" time="0.485" tests="1" errors="0" skipped="0" failures="0">
  <properties>
[...]
</properties>
  <testcase name="contextLoads" classname="com.stalin.demo.DemoWorkshopApplicationTests" time="0.004">
    <system-out><![CDATA[2024-06-05 15:35:36.474  INFO 7006 --- [           main] .b.t.c.SpringBootTestContextBootstrapper : Neither @ContextConfiguration nor @ContextHierarchy found for test class [com.stalin.demo.DemoWorkshopApplicationTests], using SpringBootContextLoader
2024-06-05 15:35:36.475  INFO 7006 --- [           main] o.s.t.c.support.AbstractContextLoader    : Could not detect default resource locations for test class [com.stalin.demo.DemoWorkshopApplicationTests]: no resource found for suffixes {-context.xml, Context.groovy}.
2024-06-05 15:35:36.475  INFO 7006 --- [           main] t.c.s.AnnotationConfigContextLoaderUtils : Could not detect default configuration classes for test class [com.stalin.demo.DemoWorkshopApplicationTests]: DemoWorkshopApplicationTests does not declare any static, non-private, non-final, nested classes annotated with @Configuration.
2024-06-05 15:35:36.478  INFO 7006 --- [           main] .b.t.c.SpringBootTestContextBootstrapper : Found @SpringBootConfiguration com.stalin.demo.DemoWorkshopApplication for test class com.stalin.demo.DemoWorkshopApplicationTests
2024-06-05 15:35:36.480  INFO 7006 --- [           main] .b.t.c.SpringBootTestContextBootstrapper : Loaded default TestExecutionListener class names from location [META-INF/spring.factories]: [org.springframework.boot.test.mock.mockito.MockitoTestExecutionListener, org.springframework.boot.test.mock.mockito.ResetMocksTestExecutionListener, org.springframework.boot.test.autoconfigure.restdocs.RestDocsTestExecutionListener, org.springframework.boot.test.autoconfigure.web.client.MockRestServiceServerResetTestExecutionListener, org.springframework.boot.test.autoconfigure.web.servlet.MockMvcPrintOnlyOnFailureTestExecutionListener, org.springframework.boot.test.autoconfigure.web.servlet.WebDriverTestExecutionListener, org.springframework.test.context.web.ServletTestExecutionListener, org.springframework.test.context.support.DirtiesContextBeforeModesTestExecutionListener, org.springframework.test.context.support.DependencyInjectionTestExecutionListener, org.springframework.test.context.support.DirtiesContextTestExecutionListener, org.springframework.test.context.transaction.TransactionalTestExecutionListener, org.springframework.test.context.jdbc.SqlScriptsTestExecutionListener, org.springframework.test.context.event.EventPublishingTestExecutionListener]
2024-06-05 15:35:36.481  INFO 7006 --- [           main] .b.t.c.SpringBootTestContextBootstrapper : Using TestExecutionListeners: [org.springframework.test.context.web.ServletTestExecutionListener@3f13720f, org.springframework.test.context.support.DirtiesContextBeforeModesTestExecutionListener@1df60140, org.springframework.boot.test.mock.mockito.MockitoTestExecutionListener@62d4dac4, org.springframework.boot.test.autoconfigure.SpringBootDependencyInjectionTestExecutionListener@11efa76e, org.springframework.test.context.support.DirtiesContextTestExecutionListener@35c83c56, org.springframework.test.context.event.EventPublishingTestExecutionListener@1899c7ae, org.springframework.boot.test.mock.mockito.ResetMocksTestExecutionListener@5cdf2c83, org.springframework.boot.test.autoconfigure.restdocs.RestDocsTestExecutionListener@30e734a1, org.springframework.boot.test.autoconfigure.web.client.MockRestServiceServerResetTestExecutionListener@44b99467, org.springframework.boot.test.autoconfigure.web.servlet.MockMvcPrintOnlyOnFailureTestExecutionListener@124b8fe9, org.springframework.boot.test.autoconfigure.web.servlet.WebDriverTestExecutionListener@37d50217]

  .   ____          _            __ _ _
 /\\ / ___'_ __ _ _(_)_ __  __ _ \ \ \ \
( ( )\___ | '_ | '_| | '_ \/ _` | \ \ \ \
 \\/  ___)| |_)| | | | | || (_| |  ) ) ) )
  '  |____| .__|_| |_|_| |_\__, | / / / /
 =========|_|==============|___/=/_/_/_/
 :: Spring Boot ::        (v2.2.0.RELEASE)

2024-06-05 15:35:36.513  INFO 7006 --- [           main] c.s.demo.DemoWorkshopApplicationTests    : Starting DemoWorkshopApplicationTests on eman-shahid-Lenovo-V14-G3-IAP with PID 7006 (started by eman-shahid in /home/eman-shahid/Documents/tweet-trend-new)
2024-06-05 15:35:36.514  INFO 7006 --- [           main] c.s.demo.DemoWorkshopApplicationTests    : No active profile set, falling back to default profiles: default
2024-06-05 15:35:36.865  INFO 7006 --- [           main] o.s.s.concurrent.ThreadPoolTaskExecutor  : Initializing ExecutorService 'applicationTaskExecutor'
2024-06-05 15:35:36.949  INFO 7006 --- [           main] c.s.demo.DemoWorkshopApplicationTests    : Started DemoWorkshopApplicationTests in 0.464 seconds (JVM running for 4.908)
]]></system-out>
  </testcase>
</testsuite>